# TLS secrets log file, generated by OpenSSL / Python
# TLS secrets log file, generated by OpenSSL / Python
# TLS secrets log file, generated by OpenSSL / Python
# TLS secrets log file, generated by OpenSSL / Python
# TLS secrets log file, generated by OpenSSL / Python
RSA acd5892c23125077 030312508c533765392b8b855389ee0b74e0e1c0f04515230dd2f8ebd5fdf349bcb6e91424c2a9afe4f9271b65903cfc
CLIENT_RANDOM 7eba706ebeaad5da4b7d79df07ff8a566838d7919b8366860ba18cf586613ee4 9d19497cfd7ae2676b01806e0aef76847b7e86fbe73729df318177fbe8837d08ab167c5a7bbe1310fa36a593a4539514
# TLS secrets log file, generated by OpenSSL / Python
# TLS secrets log file, generated by OpenSSL / Python
RSA c7af694de40388dc 0303a38285c0a404a78b9f56d4772922edb49fe51483439a979c8218859945843517da57b24869753c759ba8f8e3eb51
CLIENT_RANDOM 28e0d6b2dcad3e03731dab6a9f09c93304c6697302fe7ad2b65ce1f93a361086 501fa9eeb0046e4fcba05af178d2f2bc878cdf1286fbbdc88a0a1916967db9c07fdc345c056693385f234c82cde3ed82
# TLS secrets log file, generated by OpenSSL / Python
RSA b5f007869a4f4f4c 030354a424250294d7a3ab4351751f2fdab7e34edfeb3d4c44a74328fe59a6bcb73ea4897496e7bc87fd79e65f23a22b
CLIENT_RANDOM 9a64020bd23e054f21e8369543ce97a94bff68b6cd83e7e0662d56710bdbc7ab 05cb9992d94925a97c26759e067707e5e1c74aa1f6585ac8a998b8a0d45e7df836630d70245427c0bffdf90cbf584a04
CLIENT_HANDSHAKE_TRAFFIC_SECRET 0531bf9aa58fa1c35d13172272706345eb90362b0eba8eb768415e4a8417cf2c 962a1c908eb22072c0300bac2a91b88ba958d33b9573b87025af299e037d9ad9
SERVER_HANDSHAKE_TRAFFIC_SECRET 0531bf9aa58fa1c35d13172272706345eb90362b0eba8eb768415e4a8417cf2c 61eb00932de0997d8e203a340b78a64f4a8e9ada6281234cd0c1702b58c75279
CLIENT_HANDSHAKE_TRAFFIC_SECRET 2b43d75681c0625acc808d45c8203c3210d1d1b036e8531579fc72a49dd76d57 5962c9b220fba272b2cc7bd57534b2d0cffae90b297244d2ed59ab6c9d0db202e5becab4f88818464e0cd48b7f46a977
SERVER_HANDSHAKE_TRAFFIC_SECRET 2b43d75681c0625acc808d45c8203c3210d1d1b036e8531579fc72a49dd76d57 99a671469f1972dd3ee2c52f5d72b78407e0781a2bee15dd424af97d757614227ada0009a4886409fa82948e80440065
CLIENT_HANDSHAKE_TRAFFIC_SECRET e3f6371d589f242fd16486d15d05f7a790d2265d71a5998e4b31dc9795b14683 e25efb58f9ac9eca62b21490ff40de46bb6cec6071254043188dc6136d0ec11c
SERVER_HANDSHAKE_TRAFFIC_SECRET e3f6371d589f242fd16486d15d05f7a790d2265d71a5998e4b31dc9795b14683 7d21c31670d142bb58a008829ca46659947cdec4ed8f2d4cd1a7a012ba84dbc3
CLIENT_TRAFFIC_SECRET_0 2b43d75681c0625acc808d45c8203c3210d1d1b036e8531579fc72a49dd76d57 aec9862b696ad0ff0586cfc519c49288168b5d8cf7141f0af7aea368161cf901d055ce8bb3aab3e97208a10715d6866e
SERVER_TRAFFIC_SECRET_0 2b43d75681c0625acc808d45c8203c3210d1d1b036e8531579fc72a49dd76d57 6360883d9ec7b086f3d7fd4effb69e73b0cf9649f7382d00a9bfa12598f44c65826d7596d38a8951a0a53313b0ab5d0c
EXPORTER_SECRET 2b43d75681c0625acc808d45c8203c3210d1d1b036e8531579fc72a49dd76d57 d51639ebe01d7ec7479b86c4419e114bb45fd3dc1cfe9c29bfdc8e8ec0bc6c8614c3e2bc6fb505a4517ac71ab74ce040
CLIENT_TRAFFIC_SECRET_0 0531bf9aa58fa1c35d13172272706345eb90362b0eba8eb768415e4a8417cf2c 98610cf85ddcc8cd0d733d7b3817da9f8bb064f0f6dd4ea4c31b6b3f915a0dda
SERVER_TRAFFIC_SECRET_0 0531bf9aa58fa1c35d13172272706345eb90362b0eba8eb768415e4a8417cf2c 35ab2d9819e2e305aaf99cbb8367964a29810c327bb861e9c5378822579a6654
EXPORTER_SECRET 0531bf9aa58fa1c35d13172272706345eb90362b0eba8eb768415e4a8417cf2c 5e3823b885502e091dd1af7cc99d634090bf2ac7715f5eeb605da9135026e912
CLIENT_HANDSHAKE_TRAFFIC_SECRET 39edcf8471baa9ba0b3a04e1fec5ace9b6d5ba33b076d3f4bd5e8b9c5fb73bfe d8afe2c997d2fec9529ab2668be471f47bbf9c03f2b3f629fef80313f3571d02
SERVER_HANDSHAKE_TRAFFIC_SECRET 39edcf8471baa9ba0b3a04e1fec5ace9b6d5ba33b076d3f4bd5e8b9c5fb73bfe c3960178a12f5103bea563009fc647467828d6a3052817e6af963b24abccf96b
CLIENT_TRAFFIC_SECRET_0 39edcf8471baa9ba0b3a04e1fec5ace9b6d5ba33b076d3f4bd5e8b9c5fb73bfe 14a8fee5a2c4c8440d0af15af0142510ab0d7e523992668785c51dfae5f15ec7
SERVER_TRAFFIC_SECRET_0 39edcf8471baa9ba0b3a04e1fec5ace9b6d5ba33b076d3f4bd5e8b9c5fb73bfe 0b4f2aa8c95026aef24f18811200a42ea1567807cffff7f3f3dcd7e50183b7ed
EXPORTER_SECRET 39edcf8471baa9ba0b3a04e1fec5ace9b6d5ba33b076d3f4bd5e8b9c5fb73bfe f0130d5ea56868e27c31628a6bbeae67156ed0333a37ee4a30eef37afb8a8189
CLIENT_HANDSHAKE_TRAFFIC_SECRET e78ea6288c154ac4b9b374410c335c933fc012361257b882e64c885de50bbc5e b6b250d4e8508bd6d69c543c2b6863d05a3ecc6a9c1932869868b8550995cc78
SERVER_HANDSHAKE_TRAFFIC_SECRET e78ea6288c154ac4b9b374410c335c933fc012361257b882e64c885de50bbc5e 2c198afbf79adb34deae77e23469223c917a43fabd8e92a90fedc03c08692f20
CLIENT_HANDSHAKE_TRAFFIC_SECRET be220f94decb4873b5b7f19eb6e6a61e0990dc1a23c873c37b15c57dd3b7820e bd72e339f5b7edc30f553542c2f8da440dbe2934a71b8d4580d7c332ea809f6c
SERVER_HANDSHAKE_TRAFFIC_SECRET be220f94decb4873b5b7f19eb6e6a61e0990dc1a23c873c37b15c57dd3b7820e 860c390d110b57c89767a3977f7e9f0c5018bee61dcd41dc063eca3e82a5ef43
CLIENT_TRAFFIC_SECRET_0 e78ea6288c154ac4b9b374410c335c933fc012361257b882e64c885de50bbc5e 565dfa4cffaf093d4bb7fe540f2440916e81e256f9ac8c0b0a6bf4757b8326f4
SERVER_TRAFFIC_SECRET_0 e78ea6288c154ac4b9b374410c335c933fc012361257b882e64c885de50bbc5e 6fa5d4a6949d345dced0022cb223358f8ff753639575542aea89a7c3b6ea3968
EXPORTER_SECRET e78ea6288c154ac4b9b374410c335c933fc012361257b882e64c885de50bbc5e 2a1e633d76c0dcad48b08647502a2f29433c02d01c8d28fad58ab7fbf02b83c3
CLIENT_HANDSHAKE_TRAFFIC_SECRET d4da3f92dd28174926fba17de2799d92819d8de86258be12b8e6552660550c9d 75b621d4e819fe215e9eecb2e2236982319acfa8af3d781984da37aa58cb7b08788c009bb86b2d02e368744d799d2879
SERVER_HANDSHAKE_TRAFFIC_SECRET d4da3f92dd28174926fba17de2799d92819d8de86258be12b8e6552660550c9d 3aa0276d4aab155360d7c0ee032541ba04c0e63005d241b8f9b83aae898a3bae9d6727217d49337fca6c9bc3ca565842
CLIENT_TRAFFIC_SECRET_0 be220f94decb4873b5b7f19eb6e6a61e0990dc1a23c873c37b15c57dd3b7820e 0e49dee5fa2f8e28970a8fd487369bffe1a9ac3c8e0a699f8eb1762541ad2a46
SERVER_TRAFFIC_SECRET_0 be220f94decb4873b5b7f19eb6e6a61e0990dc1a23c873c37b15c57dd3b7820e bba2251831f5fdb6c78760ce6f3e3ee0eb2409fd76674f39216fd2bdaee9fbc9
EXPORTER_SECRET be220f94decb4873b5b7f19eb6e6a61e0990dc1a23c873c37b15c57dd3b7820e c85068585ae697a8ea294df7e2ccc9dd3f38ce49e591bcdb96d201c909cee0be
CLIENT_TRAFFIC_SECRET_0 d4da3f92dd28174926fba17de2799d92819d8de86258be12b8e6552660550c9d f1166c5ed2de4ce394c2f8a29a26178288df2a05b17f79cb9291a5b3426c57f16b9bfbb79534822d274b07f01b872836
SERVER_TRAFFIC_SECRET_0 d4da3f92dd28174926fba17de2799d92819d8de86258be12b8e6552660550c9d dc0d7b9e6c5b99cfc6084b0e9260a7b6b77f5a706bcb9563b8253ea327c8e759a7a2b16b2d1034df38228cbeef7d75a1
EXPORTER_SECRET d4da3f92dd28174926fba17de2799d92819d8de86258be12b8e6552660550c9d 54364c768209557d19464560741f0dd43d3e4f6a15bb6de3c9b71c034fb95ec3275a23a50417c0cb77ce248048cd438c
CLIENT_HANDSHAKE_TRAFFIC_SECRET 2ad9030c72f3121e1691c5f2e59504a8388b38296b48c9c4eb76848f81aab7c0 f9380c24e3748221fb4522b3e7be2f686e9f99321059a17a6b339f288e6a80f7
SERVER_HANDSHAKE_TRAFFIC_SECRET 2ad9030c72f3121e1691c5f2e59504a8388b38296b48c9c4eb76848f81aab7c0 e0a6684faa894710ebfb6b2010494fd46141419c9dc62fe7b2e01adcd2ff2e13
CLIENT_TRAFFIC_SECRET_0 2ad9030c72f3121e1691c5f2e59504a8388b38296b48c9c4eb76848f81aab7c0 5478f73faa8cd116ea18080178bad4fb3720c277ecd713ac09c9fd1f69b29e09
SERVER_TRAFFIC_SECRET_0 2ad9030c72f3121e1691c5f2e59504a8388b38296b48c9c4eb76848f81aab7c0 60c035047a1b3be6444c1858561ded8838b4bef43ed7455bcbdbadffa4765842
EXPORTER_SECRET 2ad9030c72f3121e1691c5f2e59504a8388b38296b48c9c4eb76848f81aab7c0 47d3d39d3bd2bc68a689cb76af4cd403dd01a5fcdb2046b70f13d3f9ce7598d5
CLIENT_HANDSHAKE_TRAFFIC_SECRET eda13b6248622ac4bde0c3a3974ad8069458ca6c2ad0376071253108dbe8c63b c69c920c41868214af7b4e86842255d7d2799ee6507224a6d1b03fa7306aaaaa
SERVER_HANDSHAKE_TRAFFIC_SECRET eda13b6248622ac4bde0c3a3974ad8069458ca6c2ad0376071253108dbe8c63b cbb648b9656652678b96c4a00b43fb973670025fc57098d00ed7f49e86709fd6
CLIENT_TRAFFIC_SECRET_0 eda13b6248622ac4bde0c3a3974ad8069458ca6c2ad0376071253108dbe8c63b 01cd69db9ce4f89aa1af9efeb29741427782da0dddfeca7bffc067701917fc87
SERVER_TRAFFIC_SECRET_0 eda13b6248622ac4bde0c3a3974ad8069458ca6c2ad0376071253108dbe8c63b ae9e49b7fc550dac2008d773ed5a29a43d0ef8362cfead06ab6708dbed87368d
EXPORTER_SECRET eda13b6248622ac4bde0c3a3974ad8069458ca6c2ad0376071253108dbe8c63b d99cc340ebdd39220e4b6a41b0b9e3794b18fa3c630f3fb5da3a6e4be12b5590
CLIENT_HANDSHAKE_TRAFFIC_SECRET 559583c933b4ba7c0f479b018e711e43c19b22b66b86595c054754207c27db56 82fda6734ef424f1e84ec6e4b07fca7cc56b28b99282a60f39055a2b9925c83826342e1af1477c4d34f928166c4ab784
SERVER_HANDSHAKE_TRAFFIC_SECRET 559583c933b4ba7c0f479b018e711e43c19b22b66b86595c054754207c27db56 1405dbbc5d85f67afba18bbc380c77fb2c52901509ee6ec2b18adfa7d0bd7de25788f0596a235f130a0f4df4d5f6978c
CLIENT_TRAFFIC_SECRET_0 559583c933b4ba7c0f479b018e711e43c19b22b66b86595c054754207c27db56 0331999d093abe1d65acf16032bfa2b29e8d7398647d6583e7f5c68a123e0eae42d38e780ff1d52ae2c3f7b3bbb16932
SERVER_TRAFFIC_SECRET_0 559583c933b4ba7c0f479b018e711e43c19b22b66b86595c054754207c27db56 7490bea72eaa70a837c7cfac8dab95a1f82caab195ba15ef57af95609f75ea53e0377e898512c3ca50b0c8e5a0b7b5c2
EXPORTER_SECRET 559583c933b4ba7c0f479b018e711e43c19b22b66b86595c054754207c27db56 f1f30275a16e7761f0dcd5a1d5d55a51c0106febebcf4042989d092ffe5cc64156e891622c3fba97f8f5c1e064332ba6
CLIENT_HANDSHAKE_TRAFFIC_SECRET 3c81926be2816b47b991d1907816502ccd7f0cdb096ad5e5cea520ca296bd10b 5dc52b43152e27414d507af41a97472d5a9b11e1259811d5e47c6e980fca505b565e21845d6f1ec04543183cd98be6e6
SERVER_HANDSHAKE_TRAFFIC_SECRET 3c81926be2816b47b991d1907816502ccd7f0cdb096ad5e5cea520ca296bd10b 7d13d039dea50f6f2cd6c46a6142bcffe348301cd2343dd653ac431625b243c073e247a302d11418e39873a64ae6eac3
CLIENT_TRAFFIC_SECRET_0 3c81926be2816b47b991d1907816502ccd7f0cdb096ad5e5cea520ca296bd10b e545bccbe60d9ae0f30334e8fecd9425f836382f531a88c3a41d14c0b59eca764d35bfae2ce66ba6e0748ed80bae26dd
SERVER_TRAFFIC_SECRET_0 3c81926be2816b47b991d1907816502ccd7f0cdb096ad5e5cea520ca296bd10b 421f3d40aa7cd701b89943fb9120146539d372b570922cea2f75e076f691b7d31e91e1e1707a1a69cefc3d43b717a422
EXPORTER_SECRET 3c81926be2816b47b991d1907816502ccd7f0cdb096ad5e5cea520ca296bd10b 13cdbf84f3d7e795cb8f4dc1726ebcc5c5888dd5971e1de285686018730b0e5402682fa25e4e84f06bac6813fefe2319
CLIENT_HANDSHAKE_TRAFFIC_SECRET a4bc2561d704be608276d3755bb20428912286bba720230e6dcd0bcbf0a1c160 c1ecbad7a910eb85cad3bdaebe108fc0d7fcda1ffb9b42237214dc0e2ab88760
SERVER_HANDSHAKE_TRAFFIC_SECRET a4bc2561d704be608276d3755bb20428912286bba720230e6dcd0bcbf0a1c160 67070671417f5f781aad43356afac67a63a038a000aaf6627f40cc771779e174
CLIENT_TRAFFIC_SECRET_0 a4bc2561d704be608276d3755bb20428912286bba720230e6dcd0bcbf0a1c160 d7009440a90989fafb517de5bba5eab35ea8180523de42177af527fc3f9fa9d0
SERVER_TRAFFIC_SECRET_0 a4bc2561d704be608276d3755bb20428912286bba720230e6dcd0bcbf0a1c160 45b51cfb2f5f0943028b06ab7275ecd05e8b8d43592d5d98a5832b8203f523ba
EXPORTER_SECRET a4bc2561d704be608276d3755bb20428912286bba720230e6dcd0bcbf0a1c160 dc28d9f5835798c820abd1bff2d66215cb88a16b375dbec8980d8576198829ca
CLIENT_HANDSHAKE_TRAFFIC_SECRET f975288f77ca4d09a8e78bdd28406252d3c883adba3ea027bf9cc1ebe2837b8d 8575acba1314479f49c2ae1413d3415dc91898514e4583a87b43b8461ae2d542
SERVER_HANDSHAKE_TRAFFIC_SECRET f975288f77ca4d09a8e78bdd28406252d3c883adba3ea027bf9cc1ebe2837b8d 340723895976e2029604000a27b8bc0aeefc9ca37062b89ac4c217d91bf6363e
CLIENT_TRAFFIC_SECRET_0 f975288f77ca4d09a8e78bdd28406252d3c883adba3ea027bf9cc1ebe2837b8d 93167cdbd93919c614e4bf759bbc6d9db5da3d69cd2324fbdc8ef31e24c43cba
SERVER_TRAFFIC_SECRET_0 f975288f77ca4d09a8e78bdd28406252d3c883adba3ea027bf9cc1ebe2837b8d ce7f40754abfb8ec2fcbd498e341c39224d4dc8a56ec6e35fdc6221b39475df9
EXPORTER_SECRET f975288f77ca4d09a8e78bdd28406252d3c883adba3ea027bf9cc1ebe2837b8d 38da55ebf3ab6e9a89d16757676dc80edd145fc68285eec6edf8808c5dab0178
CLIENT_HANDSHAKE_TRAFFIC_SECRET 081f12e547c98b534962906300b1ac29a141e215cf8f222b596645ff7b444c5d 122ae09347c7c39a5d0059791bfbe8f9c690b24889c6da1152f1872d5ecc2a22
SERVER_HANDSHAKE_TRAFFIC_SECRET 081f12e547c98b534962906300b1ac29a141e215cf8f222b596645ff7b444c5d e70d66b7625ffed17d75e32afb1ad81c599d197ecc4c8585442eca72ca35947a
CLIENT_TRAFFIC_SECRET_0 081f12e547c98b534962906300b1ac29a141e215cf8f222b596645ff7b444c5d 6f49a22b2976f3ba24ccdf85dfdb9cf5a366ccabce38085f92c6419d2065c629
SERVER_TRAFFIC_SECRET_0 081f12e547c98b534962906300b1ac29a141e215cf8f222b596645ff7b444c5d 98e87881361df3f41b327035cb66c989c72bb2eba3507b44ae8fcc68618baa44
EXPORTER_SECRET 081f12e547c98b534962906300b1ac29a141e215cf8f222b596645ff7b444c5d ce3b58d9d596b5da6c1d2f86a4ed819ae7a9cf3bd7061be4758887490734d96e
CLIENT_HANDSHAKE_TRAFFIC_SECRET 30bf8e561393a55d41cf94de618e95543cde83b628b071d73b215c0d2f1df002 a105bd568b9f0f2e7fcb107111594300b3ca40dc8c05c5846e2b316501381b98
SERVER_HANDSHAKE_TRAFFIC_SECRET 30bf8e561393a55d41cf94de618e95543cde83b628b071d73b215c0d2f1df002 9a39fe7bb4ec90b60e9a850f75bb799d4e5b58207a814af89c5327d160affaae
CLIENT_TRAFFIC_SECRET_0 30bf8e561393a55d41cf94de618e95543cde83b628b071d73b215c0d2f1df002 1d1b436059a459716af0605892c8eeb5d062e468dab54256f552811ae36f42dd
SERVER_TRAFFIC_SECRET_0 30bf8e561393a55d41cf94de618e95543cde83b628b071d73b215c0d2f1df002 b724cacc942ef6b8c914bb3864767a59ebe621a30c8770a3bd57298f6c1dcdd4
EXPORTER_SECRET 30bf8e561393a55d41cf94de618e95543cde83b628b071d73b215c0d2f1df002 8576d0b3c80d2eebe634906fd655f18f986fbf55af12a38adf8a355e5059cd0e
CLIENT_HANDSHAKE_TRAFFIC_SECRET b6205c0ae10a4a95bccffe376166f0da8a79f03001a07ac04c918799c89f8ba6 07e3e3992aec9ed3e81075d9710dc087996ea78619d6c8bbc243652ae55b9729
SERVER_HANDSHAKE_TRAFFIC_SECRET b6205c0ae10a4a95bccffe376166f0da8a79f03001a07ac04c918799c89f8ba6 affc0274aaf33353d6191782a68463d657c850442a80ff279c536eebd9175d22
CLIENT_TRAFFIC_SECRET_0 b6205c0ae10a4a95bccffe376166f0da8a79f03001a07ac04c918799c89f8ba6 c2b7105c300580610c0bba0576566f0519ba61016a89c37b1b3e023d70c36f0d
SERVER_TRAFFIC_SECRET_0 b6205c0ae10a4a95bccffe376166f0da8a79f03001a07ac04c918799c89f8ba6 603e7a295d4268c2b073c39683323c587f257c53555b81d19eb408aa66a46c73
EXPORTER_SECRET b6205c0ae10a4a95bccffe376166f0da8a79f03001a07ac04c918799c89f8ba6 d760c986623a49fe5ce518e9b02e80bac0c7c64142ee2afa289dc969319c9ea2
CLIENT_EARLY_TRAFFIC_SECRET 15cfd2165daafb54a30e85a0fb43124100b6dd7c3a8d08bdbcc9fcd2a1510b85 3bc5e2058275e3a43d6c733aa659f3a42d7c9229ab846230692a040c43087ae1
CLIENT_HANDSHAKE_TRAFFIC_SECRET 15cfd2165daafb54a30e85a0fb43124100b6dd7c3a8d08bdbcc9fcd2a1510b85 f0a79821df8c5b5807981c9db2617f4cf5c0f5d5b600b20ae3cf364985e19b90
SERVER_HANDSHAKE_TRAFFIC_SECRET 15cfd2165daafb54a30e85a0fb43124100b6dd7c3a8d08bdbcc9fcd2a1510b85 8dfa3470ec6929d1b57df1c185def76d672c295524d9945a6db1e588b6c57c27
CLIENT_TRAFFIC_SECRET_0 15cfd2165daafb54a30e85a0fb43124100b6dd7c3a8d08bdbcc9fcd2a1510b85 22a11a517559551e8a1cfb6388846fee935a1ac960d1dea75b1bdf0450325df3
SERVER_TRAFFIC_SECRET_0 15cfd2165daafb54a30e85a0fb43124100b6dd7c3a8d08bdbcc9fcd2a1510b85 3403f6441c8273342e2b3541e2e0c19121d328e6db7df79049f1aa5ef8029be3
EXPORTER_SECRET 15cfd2165daafb54a30e85a0fb43124100b6dd7c3a8d08bdbcc9fcd2a1510b85 6957dc0128f8c7e630a741e40614bc48db0328ca7251d938092a44b3fa647d76
CLIENT_RANDOM 8fe67caf774a81a95c47ced773818c3b3c5dd71ee235ac7e898061b1f4f23fd5 7cd434bd9757dd973a1ee2f41a35f108fc3f96d910fa4cc77cf31e9db66b6a800b35df9b4ed01b3e617eb8452976d5ed
CLIENT_RANDOM fbbeb251f4d3445ea90b8b41ccbeb90c6cbc2b0e36776ed2f1b282c293206b8d bb020cec0ea09252098c44df447e321e4ca2fde57f4138e6febbf7e71b6bebce3ebb7036a642bccbe07d6ea2fd19efde
CLIENT_EARLY_TRAFFIC_SECRET 00bc17557876e55a4e6e6d85bbc86b8a3f159b91f7dc9a1be205cf1d0bd0452e 03cdb16ee12989a707c63a07cb234c3dfcf4f9b074332aca1e93e8d922fe1f06
CLIENT_HANDSHAKE_TRAFFIC_SECRET 00bc17557876e55a4e6e6d85bbc86b8a3f159b91f7dc9a1be205cf1d0bd0452e 2406990f19b4675ebed45ef182c7f665e1f89a8e164ccd482637722682f1a2bb
SERVER_HANDSHAKE_TRAFFIC_SECRET 00bc17557876e55a4e6e6d85bbc86b8a3f159b91f7dc9a1be205cf1d0bd0452e 5218258407309be26a110fd960827bcd8f97a2c84fab3ab7ed699b3870f2c753
CLIENT_TRAFFIC_SECRET_0 00bc17557876e55a4e6e6d85bbc86b8a3f159b91f7dc9a1be205cf1d0bd0452e 3a42beef326cbbbdd92de25de087a17886d33a367e0f52338d77b4385b8151a3
SERVER_TRAFFIC_SECRET_0 00bc17557876e55a4e6e6d85bbc86b8a3f159b91f7dc9a1be205cf1d0bd0452e a5ad5ba47dc083cb0071c9386879ba9a719762b7210951a28f19afcfefb86cf2
EXPORTER_SECRET 00bc17557876e55a4e6e6d85bbc86b8a3f159b91f7dc9a1be205cf1d0bd0452e dbcb234dcbd3542f062e7e6aa2ceccac2b8ca4b59ad64a477196d34ebec795d8
CLIENT_HANDSHAKE_TRAFFIC_SECRET d219d5d75b0294a94f9b8984fa742d27ec6dcc49de1ce50927dfd66940054dab 0b5e315eccd448d21816156a8c13b489bdb1165cbbb631b97e3bfb31689a9b612e3363d54beedd5f6326f9a3bd2034a2
SERVER_HANDSHAKE_TRAFFIC_SECRET d219d5d75b0294a94f9b8984fa742d27ec6dcc49de1ce50927dfd66940054dab 4e430a6525f95f57d74aee8cea0e7682a35369eb86e44713588fa3323d02aa485a45c1842e2e8277f72d63d7113b82af
CLIENT_TRAFFIC_SECRET_0 d219d5d75b0294a94f9b8984fa742d27ec6dcc49de1ce50927dfd66940054dab 2890a86df20dbfd7cacd7d759370a9df84b1d2f2b2e0c12f907aa4f771adddee5fa655685f68bd18ab6a8f8599d12959
SERVER_TRAFFIC_SECRET_0 d219d5d75b0294a94f9b8984fa742d27ec6dcc49de1ce50927dfd66940054dab 84102bd62fa8f612ed3223d684825f1df3398a0791f898201a2801cf099f15940783d36e7768a2b5b4c42fa0b7230beb
EXPORTER_SECRET d219d5d75b0294a94f9b8984fa742d27ec6dcc49de1ce50927dfd66940054dab 2dd65a268f1637e6462f80c8fa728f71735b1509d3fbed5b89c4ab8afae3b3dd1b5124c6e86417cc6cad06bf1bd8e340
CLIENT_HANDSHAKE_TRAFFIC_SECRET 9e9d5875f8a5b27555cf7cbf6a557f197b9ca5fb926a01fbd83080e4078f64a1 ff5579158dc23ea81ba45a74492ee7458ea7feec81a4d2499408877d9ac25f452aee4b2caba03ca5425e03db9b95fe7b
SERVER_HANDSHAKE_TRAFFIC_SECRET 9e9d5875f8a5b27555cf7cbf6a557f197b9ca5fb926a01fbd83080e4078f64a1 183abe1e0a6bc3dc88b78a7d074a2f0f7f2e4f491d86850907ea26f6ac5a26aaa36bce723239d1cf26ef5bc7cbf5873c
CLIENT_TRAFFIC_SECRET_0 9e9d5875f8a5b27555cf7cbf6a557f197b9ca5fb926a01fbd83080e4078f64a1 7b430acb0bc142e7748221aa28fe07772cdcc6affe7bf1a9437670b4532ca3ed3f6ee7b54e5bb380a3f7411f99913468
SERVER_TRAFFIC_SECRET_0 9e9d5875f8a5b27555cf7cbf6a557f197b9ca5fb926a01fbd83080e4078f64a1 db4a5af7fc4f4e421321cfc9beb91b4693cc8288f4e9bf3a990af19e6a55c22dd4c2bc886c87140c86047a08ed78875c
EXPORTER_SECRET 9e9d5875f8a5b27555cf7cbf6a557f197b9ca5fb926a01fbd83080e4078f64a1 fcb15cc03a5ac5a51c254991f00c634f167b634829475a89b47b6e888479b04a2fc0e5ef05a299f1ececb16edd1e1703
CLIENT_HANDSHAKE_TRAFFIC_SECRET 36870636922e3158d747ae9e6d900c3c24c5d972194c3d320d320d4f751886d2 a5381d0698f2eb9e175b7d00637577ca32901a5d4254991709cf94343e6f2add
SERVER_HANDSHAKE_TRAFFIC_SECRET 36870636922e3158d747ae9e6d900c3c24c5d972194c3d320d320d4f751886d2 67c772d35089d12c696f3fce45709c133609cadd753cb70b5d617171313c23a4
CLIENT_TRAFFIC_SECRET_0 36870636922e3158d747ae9e6d900c3c24c5d972194c3d320d320d4f751886d2 c508da1b265cb44fa6ae134a0d156c2b3fdc80edd3c8d3733e9aca1fcb94cca1
SERVER_TRAFFIC_SECRET_0 36870636922e3158d747ae9e6d900c3c24c5d972194c3d320d320d4f751886d2 9bd119ef77e64ad53bc027fd06de49776f4e531944b87df5f190a5b8102d828d
EXPORTER_SECRET 36870636922e3158d747ae9e6d900c3c24c5d972194c3d320d320d4f751886d2 1e3f6fe6fd3aefe4af8db8a329504a9f6073da5a2290d3ab1b239f76023ba68a
CLIENT_HANDSHAKE_TRAFFIC_SECRET b02f2d13aa660a7f0959b17dc42a094613b2b7c1cfd868c6b63ed34d7d9cd313 5ef2d74f38bdc217522a9467ae31a4727101f2d7aa93e8e32ccd52fe391d1973b61f971844e96591d6ec88cb7108e510
SERVER_HANDSHAKE_TRAFFIC_SECRET b02f2d13aa660a7f0959b17dc42a094613b2b7c1cfd868c6b63ed34d7d9cd313 e37ca16dfd75ccbc3208b6d3865e0459f724896241b1b846cec1721e252376f10c237b8de586d863b9a74ded262ec1d0
CLIENT_TRAFFIC_SECRET_0 b02f2d13aa660a7f0959b17dc42a094613b2b7c1cfd868c6b63ed34d7d9cd313 cfd8c1f6b9a660adae81abcc83b8d68ef17082bc4271388dc05a0a5802c02ffc02614d2361f7e8365f84c12e5f86597e
SERVER_TRAFFIC_SECRET_0 b02f2d13aa660a7f0959b17dc42a094613b2b7c1cfd868c6b63ed34d7d9cd313 442044b3823ffa32d5ed8caafdf07b7d5ab75390286b6c3fb249672ca13f8147299c0fc21fd8fb3decbbccdc088a09b0
EXPORTER_SECRET b02f2d13aa660a7f0959b17dc42a094613b2b7c1cfd868c6b63ed34d7d9cd313 3f2c755f4479cc49b8deb931049565215f9a188332a90ae3d0e4b78dce054b64000b9cb41782b4bba204ea555e5b1d81
CLIENT_RANDOM 8f68b5aaee02cd91513c769e59adc8e0fc1548dc06214c35ae0bc7676faa157a bb020cec0ea09252098c44df447e321e4ca2fde57f4138e6febbf7e71b6bebce3ebb7036a642bccbe07d6ea2fd19efde
CLIENT_HANDSHAKE_TRAFFIC_SECRET c0b6f1e94b8b643d051207de427c8e446e4102e20df8d3d1fc7e093a6fa442cc 0e11de566b038b0c3a35792c2fda559122d56db692b357fb9497534d3b374f2e6082063a41e32797213892c81a453a80
SERVER_HANDSHAKE_TRAFFIC_SECRET c0b6f1e94b8b643d051207de427c8e446e4102e20df8d3d1fc7e093a6fa442cc fc5789ca610c4567a03a08ba84c19501c2e3239c3d14cb0b469a9dc1d132d36e52225f8c8e206a589f8e41ae4d65d431
CLIENT_TRAFFIC_SECRET_0 c0b6f1e94b8b643d051207de427c8e446e4102e20df8d3d1fc7e093a6fa442cc c60af88cfe21a265aab7f2eb3cd4ef88ef87f5f544366ed4fe392cef4f234a342a094dae0eb143cccadad2e8b480ff5b
SERVER_TRAFFIC_SECRET_0 c0b6f1e94b8b643d051207de427c8e446e4102e20df8d3d1fc7e093a6fa442cc f8b18b5c11db34d146a2e2983f9d504bb37ed0c98611cf7647cbc3bbf9b43d35cae202d12ac1bd92c8ac2d93cfa3238a
EXPORTER_SECRET c0b6f1e94b8b643d051207de427c8e446e4102e20df8d3d1fc7e093a6fa442cc a9ed6debcb2faa34839a4b9019ee44aa3dd7aa9545f4d8042175836601bdb04fe1cdc98c8d76a9189d618676dcac1757
CLIENT_EARLY_TRAFFIC_SECRET 35d626fdbd6dacf7a156832586752ac3c57f51da03979b65efac2674d984caa4 28f26d0455225a93e9f579a7f9395d7a2b1454efe1f095266d7e77dcb7c05470
CLIENT_HANDSHAKE_TRAFFIC_SECRET 35d626fdbd6dacf7a156832586752ac3c57f51da03979b65efac2674d984caa4 99920174ae0a8c1f0ac23bd2774163c5bdbc79b27ced7443c1406aef6af538de
SERVER_HANDSHAKE_TRAFFIC_SECRET 35d626fdbd6dacf7a156832586752ac3c57f51da03979b65efac2674d984caa4 a9d490957f31e7af82e1dcdad572e15f1eaeda422bee986e59ddec6e34bdf449
CLIENT_TRAFFIC_SECRET_0 35d626fdbd6dacf7a156832586752ac3c57f51da03979b65efac2674d984caa4 968ad9250e725acad057ed5e2ce065dfb949e562412a15b01467dd8ccb3cf27a
SERVER_TRAFFIC_SECRET_0 35d626fdbd6dacf7a156832586752ac3c57f51da03979b65efac2674d984caa4 5b6413d118ded9625d35c915e5faf4e91871cdca85980851c93770c05d8766be
EXPORTER_SECRET 35d626fdbd6dacf7a156832586752ac3c57f51da03979b65efac2674d984caa4 d86da5f2f97ef0d393222474bcfac4ec1e2aed5a3dd3c9d65a8b3d57b4b6b74b
CLIENT_RANDOM 8297c496bb160e8d6c66fe487dbf8b7fd2161cfdca54453cec7443973826b5fa bb020cec0ea09252098c44df447e321e4ca2fde57f4138e6febbf7e71b6bebce3ebb7036a642bccbe07d6ea2fd19efde
CLIENT_RANDOM 010c313f2126260b6a6a955d7353015f18f0f770ff9e0624a06860b2cdc4ce71 bb020cec0ea09252098c44df447e321e4ca2fde57f4138e6febbf7e71b6bebce3ebb7036a642bccbe07d6ea2fd19efde
